<?xml version="1.0" encoding="UTF-8"?>
<testsuites>
<testsuite name="com.microsoft.playwright.jmeter.samplers.PlaywrightTestSampleResultTest" tests="1" skipped="0" failures="0" errors="0" timestamp="2023-06-08T23:47:04" hostname="anthonys-imac.lan" time="1.063">
  <properties/>
  <testcase name="test complex case into suites()" classname="com.microsoft.playwright.jmeter.samplers.PlaywrightTestSampleResultTest" time="1.063"/>
  <system-out><![CDATA[]]></system-out>
  <system-err><![CDATA[ERROR StatusLogger No Log4j 2 configuration file found. Using default configuration (logging only errors to the console), or user programmatically provided configurations. Set system property 'log4j2.debug' to show Log4j 2 internal initialization logging. See https://logging.apache.org/log4j/2.x/manual/configuration.html for instructions on how to configure Log4j 2
]]></system-err>
</testsuite>
</testsuites>
