<testsuites id="" name="" tests="68" failures="26" skipped="11" errors="0" time="219.75520399999618">
    <testsuite name="account.spec.ts" timestamp="1686205132741" hostname="" tests="1" failures="0" skipped="1"
               time="0.002" errors="0">
        <testcase name="My profile should be able to fill out personal info"
                  classname="[chromium] › account.spec.ts › My profile › should be able to fill out personal info"
                  time="0.002">
            <skipped>
            </skipped>
        </testcase>
    </testsuite>
    <testsuite name="darkmode.spec.ts" timestamp="1686205132741" hostname="" tests="3" failures="0" skipped="3"
               time="0.001" errors="0">
        <testcase name="Dark Mode should be able to toggle dark mode"
                  classname="[chromium] › darkmode.spec.ts › Dark Mode › should be able to toggle dark mode"
                  time="0.001">
            <skipped>
            </skipped>
        </testcase>
        <testcase name="Dark Mode verify dark mode is pixel perfect - on"
                  classname="[chromium] › darkmode.spec.ts › Dark Mode › verify dark mode is pixel perfect - on"
                  time="0">
            <skipped>
            </skipped>
        </testcase>
        <testcase name="Dark Mode verify dark mode is pixel perfect - off"
                  classname="[chromium] › darkmode.spec.ts › Dark Mode › verify dark mode is pixel perfect - off"
                  time="0">
            <skipped>
            </skipped>
        </testcase>
    </testsuite>
    <testsuite name="fileupload.spec.ts" timestamp="1686205132741" hostname="" tests="1" failures="1" skipped="0"
               time="7.364" errors="0">
        <testcase name="File Upload should be able to upload a file"
                  classname="[chromium] › fileupload.spec.ts › File Upload › should be able to upload a file"
                  time="7.364">
            <failure message="fileupload.spec.ts:5:7 should be able to upload a file" type="FAILURE">
                <![CDATA[  [chromium] › fileupload.spec.ts:5:7 › File Upload › should be able to upload a file ==============

    Error: expect(received).toHaveURL(expected)

    Expected string: "https://contoso-traders-ui2johnst.azureedge.net/suggested-products-list"
    Received string: "https://contoso-traders-ui2johnst.azureedge.net/"
    Call log:
      - expect.toHaveURL with timeout 5000ms
      - waiting for locator(':root')
      -   locator resolved to <html lang="en">…</html>
      -   unexpected value "https://contoso-traders-ui2johnst.azureedge.net/"
      - waiting for locator(':root')
      -   locator resolved to <html lang="en">…</html>
      -   unexpected value "https://contoso-traders-ui2johnst.azureedge.net/"
      -   locator resolved to <html lang="en">…</html>
      -   unexpected value "https://contoso-traders-ui2johnst.azureedge.net/"
      -   locator resolved to <html lang="en">…</html>
      -   unexpected value "https://contoso-traders-ui2johnst.azureedge.net/"
      -   locator resolved to <html lang="en">…</html>
      -   unexpected value "https://contoso-traders-ui2johnst.azureedge.net/"
      -   locator resolved to <html lang="en">…</html>
      -   unexpected value "https://contoso-traders-ui2johnst.azureedge.net/"
      -   locator resolved to <html lang="en">…</html>
      -   unexpected value "https://contoso-traders-ui2johnst.azureedge.net/"
      -   locator resolved to <html lang="en">…</html>
      -   unexpected value "https://contoso-traders-ui2johnst.azureedge.net/"
      -   locator resolved to <html lang="en">…</html>
      -   unexpected value "https://contoso-traders-ui2johnst.azureedge.net/"


       7 |     await page.getByRole('button', { name: 'iconimage' }).click();
       8 |     await page.locator('input[type="file"]').setInputFiles(imgPath);
    >  9 |     await expect(page).toHaveURL('/suggested-products-list');
         |                        ^
      10 |   });
      11 | });

        at /Users/anthonyshaw/projects/contosotraders-cloudtesting/src/ContosoTraders.Ui.Website/tests/fileupload.spec.ts:9:24

    attachment #1: screenshot (image/png) ----------------------------------------------------------
    test-results/fileupload-File-Upload-should-be-able-to-upload-a-file-chromium/test-failed-1.png
    ------------------------------------------------------------------------------------------------
]]>
            </failure>
            <system-out>
                <![CDATA[
[[ATTACHMENT|../test-results/fileupload-File-Upload-should-be-able-to-upload-a-file-chromium/test-failed-1.png]]
]]>
            </system-out>
        </testcase>
    </testsuite>
    <testsuite name="fixtures.spec.ts" timestamp="1686205132741" hostname="" tests="2" failures="0" skipped="0"
               time="3.174" errors="0">
        <testcase name="Header - HomePage loaded via fixture should be able to hover over header menus"
                  classname="[chromium] › fixtures.spec.ts › Header - HomePage loaded via fixture › should be able to hover over header menus"
                  time="2.113">
        </testcase>
        <testcase name="Footer - Homepage loaded via fixture should be able to select footer menu - fixtures"
                  classname="[chromium] › fixtures.spec.ts › Footer - Homepage loaded via fixture › should be able to select footer menu - fixtures"
                  time="1.061">
        </testcase>
    </testsuite>
    <testsuite name="internalapi.data.spec.ts" timestamp="1686205132741" hostname="" tests="6" failures="6" skipped="0"
               time="11.92" errors="0">
        <testcase
                name="API data Assertions - category should be able to filter products by category - Controllers and then assert category"
                classname="[chromium] › internalapi.data.spec.ts › API data Assertions - category › should be able to filter products by category - Controllers and then assert category"
                time="1.248">
            <failure
                    message="internalapi.data.spec.ts:11:9 should be able to filter products by category - Controllers and then assert category"
                    type="FAILURE">
                <![CDATA[  [chromium] › internalapi.data.spec.ts:11:9 › API data Assertions - category › should be able to filter products by category - Controllers and then assert category

    Error: expect(received).toBe(expected) // Object.is equality

    Expected: 200
    Received: 404

      11 |     test('should be able to filter products by category - Controllers and then assert category', async ({ request }) => {
      12 |         const response = await request.get(`${process.env.REACT_APP_APIURL}/products/?type=controllers`);
    > 13 |         expect(response.status()).toBe(200);
         |                                   ^
      14 |         expect(response.ok()).toBeTruthy();
      15 |
      16 |         let productsFromResponse = await response.body().then(content => {

        at /Users/anthonyshaw/projects/contosotraders-cloudtesting/src/ContosoTraders.Ui.Website/tests/internalapi.data.spec.ts:13:35

    attachment #1: screenshot (image/png) ----------------------------------------------------------
    test-results/internalapi.data-API-data-Assertions---categor-c4d73-category---Controllers-and-then-assert-category-chromium/test-failed-1.png
    ------------------------------------------------------------------------------------------------
]]>
            </failure>
            <system-out>
                <![CDATA[
[[ATTACHMENT|../test-results/internalapi.data-API-data-Assertions---categor-c4d73-category---Controllers-and-then-assert-category-chromium/test-failed-1.png]]
]]>
            </system-out>
        </testcase>
        <testcase
                name="API data Assertions - category should be able to filter products by category - Desktops and then assert category"
                classname="[chromium] › internalapi.data.spec.ts › API data Assertions - category › should be able to filter products by category - Desktops and then assert category"
                time="1.726">
            <failure
                    message="internalapi.data.spec.ts:32:9 should be able to filter products by category - Desktops and then assert category"
                    type="FAILURE">
                <![CDATA[  [chromium] › internalapi.data.spec.ts:32:9 › API data Assertions - category › should be able to filter products by category - Desktops and then assert category

    Error: expect(received).toBe(expected) // Object.is equality

    Expected: 200
    Received: 404

      32 |     test('should be able to filter products by category - Desktops and then assert category', async ({ request }) => {
      33 |         const response = await request.get(`${process.env.REACT_APP_APIURL}/products/?type=desktops`);
    > 34 |         expect(response.status()).toBe(200);
         |                                   ^
      35 |         expect(response.ok()).toBeTruthy();
      36 |
      37 |         let productsFromResponse = await response.body().then(content => {

        at /Users/anthonyshaw/projects/contosotraders-cloudtesting/src/ContosoTraders.Ui.Website/tests/internalapi.data.spec.ts:34:35

    attachment #1: screenshot (image/png) ----------------------------------------------------------
    test-results/internalapi.data-API-data-Assertions---categor-b5a38-by-category---Desktops-and-then-assert-category-chromium/test-failed-1.png
    ------------------------------------------------------------------------------------------------
]]>
            </failure>
            <system-out>
                <![CDATA[
[[ATTACHMENT|../test-results/internalapi.data-API-data-Assertions---categor-b5a38-by-category---Desktops-and-then-assert-category-chromium/test-failed-1.png]]
]]>
            </system-out>
        </testcase>
        <testcase
                name="API data Assertions - category should be able to filter products by category - Laptops and then assert category"
                classname="[chromium] › internalapi.data.spec.ts › API data Assertions - category › should be able to filter products by category - Laptops and then assert category"
                time="2.617">
            <failure
                    message="internalapi.data.spec.ts:53:9 should be able to filter products by category - Laptops and then assert category"
                    type="FAILURE">
                <![CDATA[  [chromium] › internalapi.data.spec.ts:53:9 › API data Assertions - category › should be able to filter products by category - Laptops and then assert category

    Error: expect(received).toBe(expected) // Object.is equality

    Expected: 200
    Received: 404

      53 |     test('should be able to filter products by category - Laptops and then assert category', async ({ request }) => {
      54 |         const response = await request.get(`${process.env.REACT_APP_APIURL}/products/?type=laptops`);
    > 55 |         expect(response.status()).toBe(200);
         |                                   ^
      56 |         expect(response.ok()).toBeTruthy();
      57 |
      58 |         let productsFromResponse = await response.body().then(content => {

        at /Users/anthonyshaw/projects/contosotraders-cloudtesting/src/ContosoTraders.Ui.Website/tests/internalapi.data.spec.ts:55:35

    attachment #1: screenshot (image/png) ----------------------------------------------------------
    test-results/internalapi.data-API-data-Assertions---categor-e321e--by-category---Laptops-and-then-assert-category-chromium/test-failed-1.png
    ------------------------------------------------------------------------------------------------
]]>
            </failure>
            <system-out>
                <![CDATA[
[[ATTACHMENT|../test-results/internalapi.data-API-data-Assertions---categor-e321e--by-category---Laptops-and-then-assert-category-chromium/test-failed-1.png]]
]]>
            </system-out>
        </testcase>
        <testcase
                name="API data Assertions - category should be able to filter products by category - Mobiles and then assert category"
                classname="[chromium] › internalapi.data.spec.ts › API data Assertions - category › should be able to filter products by category - Mobiles and then assert category"
                time="2.328">
            <failure
                    message="internalapi.data.spec.ts:74:9 should be able to filter products by category - Mobiles and then assert category"
                    type="FAILURE">
                <![CDATA[  [chromium] › internalapi.data.spec.ts:74:9 › API data Assertions - category › should be able to filter products by category - Mobiles and then assert category

    Error: expect(received).toBe(expected) // Object.is equality

    Expected: 200
    Received: 404

      74 |     test('should be able to filter products by category - Mobiles and then assert category', async ({ request }) => {
      75 |         const response = await request.get(`${process.env.REACT_APP_APIURL}/products/?type=mobiles`);
    > 76 |         expect(response.status()).toBe(200);
         |                                   ^
      77 |         expect(response.ok()).toBeTruthy();
      78 |
      79 |         let productsFromResponse = await response.body().then(content => {

        at /Users/anthonyshaw/projects/contosotraders-cloudtesting/src/ContosoTraders.Ui.Website/tests/internalapi.data.spec.ts:76:35

    attachment #1: screenshot (image/png) ----------------------------------------------------------
    test-results/internalapi.data-API-data-Assertions---categor-6ad86--by-category---Mobiles-and-then-assert-category-chromium/test-failed-1.png
    ------------------------------------------------------------------------------------------------
]]>
            </failure>
            <system-out>
                <![CDATA[
[[ATTACHMENT|../test-results/internalapi.data-API-data-Assertions---categor-6ad86--by-category---Mobiles-and-then-assert-category-chromium/test-failed-1.png]]
]]>
            </system-out>
        </testcase>
        <testcase
                name="API data Assertions - category should be able to filter products by category - Monitors and then assert category"
                classname="[chromium] › internalapi.data.spec.ts › API data Assertions - category › should be able to filter products by category - Monitors and then assert category"
                time="1.621">
            <failure
                    message="internalapi.data.spec.ts:95:9 should be able to filter products by category - Monitors and then assert category"
                    type="FAILURE">
                <![CDATA[  [chromium] › internalapi.data.spec.ts:95:9 › API data Assertions - category › should be able to filter products by category - Monitors and then assert category

    Error: expect(received).toBe(expected) // Object.is equality

    Expected: 200
    Received: 404

       95 |     test('should be able to filter products by category - Monitors and then assert category', async ({ request }) => {
       96 |         const response = await request.get(`${process.env.REACT_APP_APIURL}/products/?type=monitors`);
    >  97 |         expect(response.status()).toBe(200);
          |                                   ^
       98 |         expect(response.ok()).toBeTruthy();
       99 |
      100 |         let productsFromResponse = await response.body().then(content => {

        at /Users/anthonyshaw/projects/contosotraders-cloudtesting/src/ContosoTraders.Ui.Website/tests/internalapi.data.spec.ts:97:35

    attachment #1: screenshot (image/png) ----------------------------------------------------------
    test-results/internalapi.data-API-data-Assertions---categor-b923e-by-category---Monitors-and-then-assert-category-chromium/test-failed-1.png
    ------------------------------------------------------------------------------------------------
]]>
            </failure>
            <system-out>
                <![CDATA[
[[ATTACHMENT|../test-results/internalapi.data-API-data-Assertions---categor-b923e-by-category---Monitors-and-then-assert-category-chromium/test-failed-1.png]]
]]>
            </system-out>
        </testcase>
        <testcase
                name="API data Assertions - count should be able to get all products, verify status and get and assert count of each product"
                classname="[chromium] › internalapi.data.spec.ts › API data Assertions - count › should be able to get all products, verify status and get and assert count of each product"
                time="2.38">
            <failure
                    message="internalapi.data.spec.ts:126:9 should be able to get all products, verify status and get and assert count of each product"
                    type="FAILURE">
                <![CDATA[  [chromium] › internalapi.data.spec.ts:126:9 › API data Assertions - count › should be able to get all products, verify status and get and assert count of each product

    Error: expect(received).toBe(expected) // Object.is equality

    Expected: 200
    Received: 404

      126 |     test('should be able to get all products, verify status and get and assert count of each product', async ({ request }) => {
      127 |         const response = await request.get(`${process.env.REACT_APP_APIURL}/products`);
    > 128 |         expect(response.status()).toBe(200);
          |                                   ^
      129 |         expect(response.ok()).toBeTruthy();
      130 |
      131 |         let productsFromResponse = await response.body().then(content => {

        at /Users/anthonyshaw/projects/contosotraders-cloudtesting/src/ContosoTraders.Ui.Website/tests/internalapi.data.spec.ts:128:35

    attachment #1: screenshot (image/png) ----------------------------------------------------------
    test-results/internalapi.data-API-data-Assertions---count-s-69af9-status-and-get-and-assert-count-of-each-product-chromium/test-failed-1.png
    ------------------------------------------------------------------------------------------------
]]>
            </failure>
            <system-out>
                <![CDATA[
[[ATTACHMENT|../test-results/internalapi.data-API-data-Assertions---count-s-69af9-status-and-get-and-assert-count-of-each-product-chromium/test-failed-1.png]]
]]>
            </system-out>
        </testcase>
    </testsuite>
    <testsuite name="internalapi.spec.ts" timestamp="1686205132741" hostname="" tests="4" failures="4" skipped="0"
               time="9.285" errors="0">
        <testcase name="APIs should be able to load search by text data"
                  classname="[chromium] › internalapi.spec.ts › APIs › should be able to load search by text data"
                  time="2.295">
            <failure message="internalapi.spec.ts:11:7 should be able to load search by text data" type="FAILURE">
                <![CDATA[  [chromium] › internalapi.spec.ts:11:7 › APIs › should be able to load search by text data ========

    Error: expect(received).toBe(expected) // Object.is equality

    Expected: 200
    Received: 404

      11 |   test('should be able to load search by text data', async ({ request }) => {
      12 |     const response = await request.get(`${process.env.REACT_APP_APIURL}/Products/search/laptops`);
    > 13 |     expect(response.status()).toBe(200);
         |                               ^
      14 |     expect(response.ok()).toBeTruthy();
      15 |   });
      16 |

        at /Users/anthonyshaw/projects/contosotraders-cloudtesting/src/ContosoTraders.Ui.Website/tests/internalapi.spec.ts:13:31

    attachment #1: screenshot (image/png) ----------------------------------------------------------
    test-results/internalapi-APIs-should-be-able-to-load-search-by-text-data-chromium/test-failed-1.png
    ------------------------------------------------------------------------------------------------
]]>
            </failure>
            <system-out>
                <![CDATA[
[[ATTACHMENT|../test-results/internalapi-APIs-should-be-able-to-load-search-by-text-data-chromium/test-failed-1.png]]
]]>
            </system-out>
        </testcase>
        <testcase name="APIs should be able to load products list"
                  classname="[chromium] › internalapi.spec.ts › APIs › should be able to load products list"
                  time="2.82">
            <failure message="internalapi.spec.ts:18:7 should be able to load products list" type="FAILURE">
                <![CDATA[  [chromium] › internalapi.spec.ts:18:7 › APIs › should be able to load products list ==============

    Error: expect(received).toBe(expected) // Object.is equality

    Expected: 200
    Received: 404

      18 |   test('should be able to load products list', async ({ request }) => {
      19 |     const response = await request.get(`${process.env.REACT_APP_APIURL}/Products/?type=laptops`);
    > 20 |     expect(response.status()).toBe(200);
         |                               ^
      21 |     expect(response.ok()).toBeTruthy();
      22 |   });
      23 |

        at /Users/anthonyshaw/projects/contosotraders-cloudtesting/src/ContosoTraders.Ui.Website/tests/internalapi.spec.ts:20:31

    attachment #1: screenshot (image/png) ----------------------------------------------------------
    test-results/internalapi-APIs-should-be-able-to-load-products-list-chromium/test-failed-1.png
    ------------------------------------------------------------------------------------------------
]]>
            </failure>
            <system-out>
                <![CDATA[
[[ATTACHMENT|../test-results/internalapi-APIs-should-be-able-to-load-products-list-chromium/test-failed-1.png]]
]]>
            </system-out>
        </testcase>
        <testcase name="APIs should be able to load product details"
                  classname="[chromium] › internalapi.spec.ts › APIs › should be able to load product details"
                  time="2.567">
            <failure message="internalapi.spec.ts:25:7 should be able to load product details" type="FAILURE">
                <![CDATA[  [chromium] › internalapi.spec.ts:25:7 › APIs › should be able to load product details ============

    Error: expect(received).toBe(expected) // Object.is equality

    Expected: 200
    Received: 404

      25 |   test('should be able to load product details', async ({ request }) => {
      26 |     const response = await request.get(`${process.env.REACT_APP_APIURL}/Products/` + _productid);
    > 27 |     expect(response.status()).toBe(200);
         |                               ^
      28 |     expect(response.ok()).toBeTruthy();
      29 |   });
      30 |

        at /Users/anthonyshaw/projects/contosotraders-cloudtesting/src/ContosoTraders.Ui.Website/tests/internalapi.spec.ts:27:31

    attachment #1: screenshot (image/png) ----------------------------------------------------------
    test-results/internalapi-APIs-should-be-able-to-load-product-details-chromium/test-failed-1.png
    ------------------------------------------------------------------------------------------------
]]>
            </failure>
            <system-out>
                <![CDATA[
[[ATTACHMENT|../test-results/internalapi-APIs-should-be-able-to-load-product-details-chromium/test-failed-1.png]]
]]>
            </system-out>
        </testcase>
        <testcase name="APIs should be able to filter products by brands"
                  classname="[chromium] › internalapi.spec.ts › APIs › should be able to filter products by brands"
                  time="1.603">
            <failure message="internalapi.spec.ts:32:7 should be able to filter products by brands" type="FAILURE">
                <![CDATA[  [chromium] › internalapi.spec.ts:32:7 › APIs › should be able to filter products by brands =======

    Error: expect(received).toBe(expected) // Object.is equality

    Expected: 200
    Received: 404

      32 |   test('should be able to filter products by brands', async ({ request }) => {
      33 |     const response = await request.get(`${process.env.REACT_APP_APIURL}/Products/?type=laptops&brand=1`);
    > 34 |     expect(response.status()).toBe(200);
         |                               ^
      35 |     expect(response.ok()).toBeTruthy();
      36 |   });
      37 |

        at /Users/anthonyshaw/projects/contosotraders-cloudtesting/src/ContosoTraders.Ui.Website/tests/internalapi.spec.ts:34:31

    attachment #1: screenshot (image/png) ----------------------------------------------------------
    test-results/internalapi-APIs-should-be-able-to-filter-products-by-brands-chromium/test-failed-1.png
    ------------------------------------------------------------------------------------------------
]]>
            </failure>
            <system-out>
                <![CDATA[
[[ATTACHMENT|../test-results/internalapi-APIs-should-be-able-to-filter-products-by-brands-chromium/test-failed-1.png]]
]]>
            </system-out>
        </testcase>
    </testsuite>
    <testsuite name="map.spec.ts" timestamp="1686205132741" hostname="" tests="3" failures="0" skipped="0" time="8.975"
               errors="0">
        <testcase name="Map should display bing maps iframe"
                  classname="[chromium] › map.spec.ts › Map › should display bing maps iframe" time="1.584">
        </testcase>
        <testcase name="Map should zoom in on bing maps iframe"
                  classname="[chromium] › map.spec.ts › Map › should zoom in on bing maps iframe" time="3.742">
        </testcase>
        <testcase name="Map should zoom out on bing maps iframe"
                  classname="[chromium] › map.spec.ts › Map › should zoom out on bing maps iframe" time="3.649">
        </testcase>
    </testsuite>
    <testsuite name="mocks.spec.ts" timestamp="1686205132741" hostname="" tests="2" failures="0" skipped="0"
               time="0.598" errors="0">
        <testcase name="Mocks should be able to load mock home page"
                  classname="[chromium] › mocks.spec.ts › Mocks › should be able to load mock home page" time="0.324">
        </testcase>
        <testcase name="Mocks should be able to load product details"
                  classname="[chromium] › mocks.spec.ts › Mocks › should be able to load product details" time="0.274">
        </testcase>
    </testsuite>
    <testsuite name="pages.spec.ts" timestamp="1686205132741" hostname="" tests="12" failures="2" skipped="0"
               time="139.51" errors="0">
        <testcase name="Header should be able to search by text"
                  classname="[chromium] › pages.spec.ts › Header › should be able to search by text" time="2.271">
        </testcase>
        <testcase name="Header should be able to select category"
                  classname="[chromium] › pages.spec.ts › Header › should be able to select category" time="1.66">
        </testcase>
        <testcase name="Header should be able to hover over header menus"
                  classname="[chromium] › pages.spec.ts › Header › should be able to hover over header menus"
                  time="1.669">
        </testcase>
        <testcase name="Header should be able to select header menu"
                  classname="[chromium] › pages.spec.ts › Header › should be able to select header menu" time="1.38">
        </testcase>
        <testcase name="Home page should be able to select buy now in corosel"
                  classname="[chromium] › pages.spec.ts › Home page › should be able to select buy now in corosel"
                  time="1.517">
        </testcase>
        <testcase name="Home page should be able to select more details in corosel"
                  classname="[chromium] › pages.spec.ts › Home page › should be able to select more details in corosel"
                  time="1.729">
        </testcase>
        <testcase name="Home page should be able to click start shopping"
                  classname="[chromium] › pages.spec.ts › Home page › should be able to click start shopping" time="60">
            <failure message="pages.spec.ts:46:7 should be able to click start shopping" type="FAILURE">
                <![CDATA[  [chromium] › pages.spec.ts:46:7 › Home page › should be able to click start shopping =============

    Test timeout of 60000ms exceeded.

    locator.click: Target closed
    =========================== logs ===========================
    waiting for locator('section').getByRole('button', { name: 'Start Shopping' })
    ============================================================

      45 |   // Banner
      46 |   test('should be able to click start shopping', async ({ page }) => {
    > 47 |     await page.locator('section').getByRole('button', { name: 'Start Shopping' }).click();
         |                                                                                   ^
      48 |     await expect(page).toHaveURL('/list/controllers');
      49 |   });
      50 |   test('should be able to explore other products', async ({ page }) => {

        at /Users/anthonyshaw/projects/contosotraders-cloudtesting/src/ContosoTraders.Ui.Website/tests/pages.spec.ts:47:83

    Pending operations:
      - locator.click at tests/pages.spec.ts:47:83


    attachment #1: screenshot (image/png) ----------------------------------------------------------
    test-results/pages-Home-page-should-be-able-to-click-start-shopping-chromium/test-failed-1.png
    ------------------------------------------------------------------------------------------------
]]>
            </failure>
            <system-out>
                <![CDATA[
[[ATTACHMENT|../test-results/pages-Home-page-should-be-able-to-click-start-shopping-chromium/test-failed-1.png]]
]]>
            </system-out>
        </testcase>
        <testcase name="Home page should be able to explore other products"
                  classname="[chromium] › pages.spec.ts › Home page › should be able to explore other products"
                  time="1.33">
        </testcase>
        <testcase name="Home page should be able to start shopping in footer"
                  classname="[chromium] › pages.spec.ts › Home page › should be able to start shopping in footer"
                  time="60">
            <failure message="pages.spec.ts:54:7 should be able to start shopping in footer" type="FAILURE">
                <![CDATA[  [chromium] › pages.spec.ts:54:7 › Home page › should be able to start shopping in footer =========

    Test timeout of 60000ms exceeded.

    locator.click: Target closed
    =========================== logs ===========================
    waiting for getByRole('button', { name: 'Start Shopping' }).nth(1)
    ============================================================

      53 |   });
      54 |   test('should be able to start shopping in footer', async ({ page }) => {
    > 55 |     await page.getByRole('button', { name: 'Start Shopping' }).nth(1).click();
         |                                                                       ^
      56 |     await expect(page).toHaveURL('/list/controllers');
      57 |   });
      58 | });

        at /Users/anthonyshaw/projects/contosotraders-cloudtesting/src/ContosoTraders.Ui.Website/tests/pages.spec.ts:55:71

    Pending operations:
      - locator.click at tests/pages.spec.ts:55:71


    attachment #1: screenshot (image/png) ----------------------------------------------------------
    test-results/pages-Home-page-should-be-able-to-start-shopping-in-footer-chromium/test-failed-1.png
    ------------------------------------------------------------------------------------------------
]]>
            </failure>
            <system-out>
                <![CDATA[
[[ATTACHMENT|../test-results/pages-Home-page-should-be-able-to-start-shopping-in-footer-chromium/test-failed-1.png]]
]]>
            </system-out>
        </testcase>
        <testcase name="Product Listing should be able to select product to view details"
                  classname="[chromium] › pages.spec.ts › Product Listing › should be able to select product to view details"
                  time="3.709">
        </testcase>
        <testcase name="Product Listing should be able to filter product by brands"
                  classname="[chromium] › pages.spec.ts › Product Listing › should be able to filter product by brands"
                  time="3.061">
        </testcase>
        <testcase name="Footer should be able to select footer menu"
                  classname="[chromium] › pages.spec.ts › Footer › should be able to select footer menu" time="1.184">
        </testcase>
    </testsuite>
    <testsuite name="account.spec.ts" timestamp="1686205132741" hostname="" tests="1" failures="0" skipped="1"
               time="0.002" errors="0">
        <testcase name="My profile should be able to fill out personal info"
                  classname="[firefox] › account.spec.ts › My profile › should be able to fill out personal info"
                  time="0.002">
            <skipped>
            </skipped>
        </testcase>
    </testsuite>
    <testsuite name="darkmode.spec.ts" timestamp="1686205132741" hostname="" tests="3" failures="0" skipped="3"
               time="0.001" errors="0">
        <testcase name="Dark Mode should be able to toggle dark mode"
                  classname="[firefox] › darkmode.spec.ts › Dark Mode › should be able to toggle dark mode"
                  time="0.001">
            <skipped>
            </skipped>
        </testcase>
        <testcase name="Dark Mode verify dark mode is pixel perfect - on"
                  classname="[firefox] › darkmode.spec.ts › Dark Mode › verify dark mode is pixel perfect - on"
                  time="0">
            <skipped>
            </skipped>
        </testcase>
        <testcase name="Dark Mode verify dark mode is pixel perfect - off"
                  classname="[firefox] › darkmode.spec.ts › Dark Mode › verify dark mode is pixel perfect - off"
                  time="0">
            <skipped>
            </skipped>
        </testcase>
    </testsuite>
    <testsuite name="fileupload.spec.ts" timestamp="1686205132741" hostname="" tests="1" failures="1" skipped="0"
               time="10.06" errors="0">
        <testcase name="File Upload should be able to upload a file"
                  classname="[firefox] › fileupload.spec.ts › File Upload › should be able to upload a file"
                  time="10.06">
            <failure message="fileupload.spec.ts:5:7 should be able to upload a file" type="FAILURE">
                <![CDATA[  [firefox] › fileupload.spec.ts:5:7 › File Upload › should be able to upload a file ===============

    Error: expect(received).toHaveURL(expected)

    Expected string: "https://contoso-traders-ui2johnst.azureedge.net/suggested-products-list"
    Received string: "https://contoso-traders-ui2johnst.azureedge.net/"
    Call log:
      - expect.toHaveURL with timeout 5000ms
      - waiting for locator(':root')
      -   locator resolved to <html lang="en">…</html>
      -   unexpected value "https://contoso-traders-ui2johnst.azureedge.net/"
      - waiting for locator(':root')
      -   locator resolved to <html lang="en">…</html>
      -   unexpected value "https://contoso-traders-ui2johnst.azureedge.net/"
      -   locator resolved to <html lang="en">…</html>
      -   unexpected value "https://contoso-traders-ui2johnst.azureedge.net/"
      -   locator resolved to <html lang="en">…</html>
      -   unexpected value "https://contoso-traders-ui2johnst.azureedge.net/"
      -   locator resolved to <html lang="en">…</html>
      -   unexpected value "https://contoso-traders-ui2johnst.azureedge.net/"
      -   locator resolved to <html lang="en">…</html>
      -   unexpected value "https://contoso-traders-ui2johnst.azureedge.net/"
      -   locator resolved to <html lang="en">…</html>
      -   unexpected value "https://contoso-traders-ui2johnst.azureedge.net/"
      -   locator resolved to <html lang="en">…</html>
      -   unexpected value "https://contoso-traders-ui2johnst.azureedge.net/"
      -   locator resolved to <html lang="en">…</html>
      -   unexpected value "https://contoso-traders-ui2johnst.azureedge.net/"


       7 |     await page.getByRole('button', { name: 'iconimage' }).click();
       8 |     await page.locator('input[type="file"]').setInputFiles(imgPath);
    >  9 |     await expect(page).toHaveURL('/suggested-products-list');
         |                        ^
      10 |   });
      11 | });

        at /Users/anthonyshaw/projects/contosotraders-cloudtesting/src/ContosoTraders.Ui.Website/tests/fileupload.spec.ts:9:24

    attachment #1: screenshot (image/png) ----------------------------------------------------------
    test-results/fileupload-File-Upload-should-be-able-to-upload-a-file-firefox/test-failed-1.png
    ------------------------------------------------------------------------------------------------
]]>
            </failure>
            <system-out>
                <![CDATA[
[[ATTACHMENT|../test-results/fileupload-File-Upload-should-be-able-to-upload-a-file-firefox/test-failed-1.png]]
]]>
            </system-out>
        </testcase>
    </testsuite>
    <testsuite name="fixtures.spec.ts" timestamp="1686205132741" hostname="" tests="2" failures="0" skipped="0"
               time="6.259" errors="0">
        <testcase name="Header - HomePage loaded via fixture should be able to hover over header menus"
                  classname="[firefox] › fixtures.spec.ts › Header - HomePage loaded via fixture › should be able to hover over header menus"
                  time="4.737">
        </testcase>
        <testcase name="Footer - Homepage loaded via fixture should be able to select footer menu - fixtures"
                  classname="[firefox] › fixtures.spec.ts › Footer - Homepage loaded via fixture › should be able to select footer menu - fixtures"
                  time="1.522">
        </testcase>
    </testsuite>
    <testsuite name="internalapi.data.spec.ts" timestamp="1686205132741" hostname="" tests="6" failures="6" skipped="0"
               time="22.462" errors="0">
        <testcase
                name="API data Assertions - category should be able to filter products by category - Controllers and then assert category"
                classname="[firefox] › internalapi.data.spec.ts › API data Assertions - category › should be able to filter products by category - Controllers and then assert category"
                time="2.667">
            <failure
                    message="internalapi.data.spec.ts:11:9 should be able to filter products by category - Controllers and then assert category"
                    type="FAILURE">
                <![CDATA[  [firefox] › internalapi.data.spec.ts:11:9 › API data Assertions - category › should be able to filter products by category - Controllers and then assert category

    Error: expect(received).toBe(expected) // Object.is equality

    Expected: 200
    Received: 404

      11 |     test('should be able to filter products by category - Controllers and then assert category', async ({ request }) => {
      12 |         const response = await request.get(`${process.env.REACT_APP_APIURL}/products/?type=controllers`);
    > 13 |         expect(response.status()).toBe(200);
         |                                   ^
      14 |         expect(response.ok()).toBeTruthy();
      15 |
      16 |         let productsFromResponse = await response.body().then(content => {

        at /Users/anthonyshaw/projects/contosotraders-cloudtesting/src/ContosoTraders.Ui.Website/tests/internalapi.data.spec.ts:13:35

    attachment #1: screenshot (image/png) ----------------------------------------------------------
    test-results/internalapi.data-API-data-Assertions---categor-c4d73-category---Controllers-and-then-assert-category-firefox/test-failed-1.png
    ------------------------------------------------------------------------------------------------
]]>
            </failure>
            <system-out>
                <![CDATA[
[[ATTACHMENT|../test-results/internalapi.data-API-data-Assertions---categor-c4d73-category---Controllers-and-then-assert-category-firefox/test-failed-1.png]]
]]>
            </system-out>
        </testcase>
        <testcase
                name="API data Assertions - category should be able to filter products by category - Desktops and then assert category"
                classname="[firefox] › internalapi.data.spec.ts › API data Assertions - category › should be able to filter products by category - Desktops and then assert category"
                time="3.579">
            <failure
                    message="internalapi.data.spec.ts:32:9 should be able to filter products by category - Desktops and then assert category"
                    type="FAILURE">
                <![CDATA[  [firefox] › internalapi.data.spec.ts:32:9 › API data Assertions - category › should be able to filter products by category - Desktops and then assert category

    Error: expect(received).toBe(expected) // Object.is equality

    Expected: 200
    Received: 404

      32 |     test('should be able to filter products by category - Desktops and then assert category', async ({ request }) => {
      33 |         const response = await request.get(`${process.env.REACT_APP_APIURL}/products/?type=desktops`);
    > 34 |         expect(response.status()).toBe(200);
         |                                   ^
      35 |         expect(response.ok()).toBeTruthy();
      36 |
      37 |         let productsFromResponse = await response.body().then(content => {

        at /Users/anthonyshaw/projects/contosotraders-cloudtesting/src/ContosoTraders.Ui.Website/tests/internalapi.data.spec.ts:34:35

    attachment #1: screenshot (image/png) ----------------------------------------------------------
    test-results/internalapi.data-API-data-Assertions---categor-b5a38-by-category---Desktops-and-then-assert-category-firefox/test-failed-1.png
    ------------------------------------------------------------------------------------------------
]]>
            </failure>
            <system-out>
                <![CDATA[
[[ATTACHMENT|../test-results/internalapi.data-API-data-Assertions---categor-b5a38-by-category---Desktops-and-then-assert-category-firefox/test-failed-1.png]]
]]>
            </system-out>
        </testcase>
        <testcase
                name="API data Assertions - category should be able to filter products by category - Laptops and then assert category"
                classname="[firefox] › internalapi.data.spec.ts › API data Assertions - category › should be able to filter products by category - Laptops and then assert category"
                time="3.363">
            <failure
                    message="internalapi.data.spec.ts:53:9 should be able to filter products by category - Laptops and then assert category"
                    type="FAILURE">
                <![CDATA[  [firefox] › internalapi.data.spec.ts:53:9 › API data Assertions - category › should be able to filter products by category - Laptops and then assert category

    Error: expect(received).toBe(expected) // Object.is equality

    Expected: 200
    Received: 404

      53 |     test('should be able to filter products by category - Laptops and then assert category', async ({ request }) => {
      54 |         const response = await request.get(`${process.env.REACT_APP_APIURL}/products/?type=laptops`);
    > 55 |         expect(response.status()).toBe(200);
         |                                   ^
      56 |         expect(response.ok()).toBeTruthy();
      57 |
      58 |         let productsFromResponse = await response.body().then(content => {

        at /Users/anthonyshaw/projects/contosotraders-cloudtesting/src/ContosoTraders.Ui.Website/tests/internalapi.data.spec.ts:55:35

    attachment #1: screenshot (image/png) ----------------------------------------------------------
    test-results/internalapi.data-API-data-Assertions---categor-e321e--by-category---Laptops-and-then-assert-category-firefox/test-failed-1.png
    ------------------------------------------------------------------------------------------------
]]>
            </failure>
            <system-out>
                <![CDATA[
[[ATTACHMENT|../test-results/internalapi.data-API-data-Assertions---categor-e321e--by-category---Laptops-and-then-assert-category-firefox/test-failed-1.png]]
]]>
            </system-out>
        </testcase>
        <testcase
                name="API data Assertions - category should be able to filter products by category - Mobiles and then assert category"
                classname="[firefox] › internalapi.data.spec.ts › API data Assertions - category › should be able to filter products by category - Mobiles and then assert category"
                time="4.439">
            <failure
                    message="internalapi.data.spec.ts:74:9 should be able to filter products by category - Mobiles and then assert category"
                    type="FAILURE">
                <![CDATA[  [firefox] › internalapi.data.spec.ts:74:9 › API data Assertions - category › should be able to filter products by category - Mobiles and then assert category

    Error: expect(received).toBe(expected) // Object.is equality

    Expected: 200
    Received: 404

      74 |     test('should be able to filter products by category - Mobiles and then assert category', async ({ request }) => {
      75 |         const response = await request.get(`${process.env.REACT_APP_APIURL}/products/?type=mobiles`);
    > 76 |         expect(response.status()).toBe(200);
         |                                   ^
      77 |         expect(response.ok()).toBeTruthy();
      78 |
      79 |         let productsFromResponse = await response.body().then(content => {

        at /Users/anthonyshaw/projects/contosotraders-cloudtesting/src/ContosoTraders.Ui.Website/tests/internalapi.data.spec.ts:76:35

    attachment #1: screenshot (image/png) ----------------------------------------------------------
    test-results/internalapi.data-API-data-Assertions---categor-6ad86--by-category---Mobiles-and-then-assert-category-firefox/test-failed-1.png
    ------------------------------------------------------------------------------------------------
]]>
            </failure>
            <system-out>
                <![CDATA[
[[ATTACHMENT|../test-results/internalapi.data-API-data-Assertions---categor-6ad86--by-category---Mobiles-and-then-assert-category-firefox/test-failed-1.png]]
]]>
            </system-out>
        </testcase>
        <testcase
                name="API data Assertions - category should be able to filter products by category - Monitors and then assert category"
                classname="[firefox] › internalapi.data.spec.ts › API data Assertions - category › should be able to filter products by category - Monitors and then assert category"
                time="3.856">
            <failure
                    message="internalapi.data.spec.ts:95:9 should be able to filter products by category - Monitors and then assert category"
                    type="FAILURE">
                <![CDATA[  [firefox] › internalapi.data.spec.ts:95:9 › API data Assertions - category › should be able to filter products by category - Monitors and then assert category

    Error: expect(received).toBe(expected) // Object.is equality

    Expected: 200
    Received: 404

       95 |     test('should be able to filter products by category - Monitors and then assert category', async ({ request }) => {
       96 |         const response = await request.get(`${process.env.REACT_APP_APIURL}/products/?type=monitors`);
    >  97 |         expect(response.status()).toBe(200);
          |                                   ^
       98 |         expect(response.ok()).toBeTruthy();
       99 |
      100 |         let productsFromResponse = await response.body().then(content => {

        at /Users/anthonyshaw/projects/contosotraders-cloudtesting/src/ContosoTraders.Ui.Website/tests/internalapi.data.spec.ts:97:35

    attachment #1: screenshot (image/png) ----------------------------------------------------------
    test-results/internalapi.data-API-data-Assertions---categor-b923e-by-category---Monitors-and-then-assert-category-firefox/test-failed-1.png
    ------------------------------------------------------------------------------------------------
]]>
            </failure>
            <system-out>
                <![CDATA[
[[ATTACHMENT|../test-results/internalapi.data-API-data-Assertions---categor-b923e-by-category---Monitors-and-then-assert-category-firefox/test-failed-1.png]]
]]>
            </system-out>
        </testcase>
        <testcase
                name="API data Assertions - count should be able to get all products, verify status and get and assert count of each product"
                classname="[firefox] › internalapi.data.spec.ts › API data Assertions - count › should be able to get all products, verify status and get and assert count of each product"
                time="4.558">
            <failure
                    message="internalapi.data.spec.ts:126:9 should be able to get all products, verify status and get and assert count of each product"
                    type="FAILURE">
                <![CDATA[  [firefox] › internalapi.data.spec.ts:126:9 › API data Assertions - count › should be able to get all products, verify status and get and assert count of each product

    Error: expect(received).toBe(expected) // Object.is equality

    Expected: 200
    Received: 404

      126 |     test('should be able to get all products, verify status and get and assert count of each product', async ({ request }) => {
      127 |         const response = await request.get(`${process.env.REACT_APP_APIURL}/products`);
    > 128 |         expect(response.status()).toBe(200);
          |                                   ^
      129 |         expect(response.ok()).toBeTruthy();
      130 |
      131 |         let productsFromResponse = await response.body().then(content => {

        at /Users/anthonyshaw/projects/contosotraders-cloudtesting/src/ContosoTraders.Ui.Website/tests/internalapi.data.spec.ts:128:35

    attachment #1: screenshot (image/png) ----------------------------------------------------------
    test-results/internalapi.data-API-data-Assertions---count-s-69af9-status-and-get-and-assert-count-of-each-product-firefox/test-failed-1.png
    ------------------------------------------------------------------------------------------------
]]>
            </failure>
            <system-out>
                <![CDATA[
[[ATTACHMENT|../test-results/internalapi.data-API-data-Assertions---count-s-69af9-status-and-get-and-assert-count-of-each-product-firefox/test-failed-1.png]]
]]>
            </system-out>
        </testcase>
    </testsuite>
    <testsuite name="internalapi.spec.ts" timestamp="1686205132741" hostname="" tests="4" failures="4" skipped="0"
               time="17.215" errors="0">
        <testcase name="APIs should be able to load search by text data"
                  classname="[firefox] › internalapi.spec.ts › APIs › should be able to load search by text data"
                  time="3.743">
            <failure message="internalapi.spec.ts:11:7 should be able to load search by text data" type="FAILURE">
                <![CDATA[  [firefox] › internalapi.spec.ts:11:7 › APIs › should be able to load search by text data =========

    Error: expect(received).toBe(expected) // Object.is equality

    Expected: 200
    Received: 404

      11 |   test('should be able to load search by text data', async ({ request }) => {
      12 |     const response = await request.get(`${process.env.REACT_APP_APIURL}/Products/search/laptops`);
    > 13 |     expect(response.status()).toBe(200);
         |                               ^
      14 |     expect(response.ok()).toBeTruthy();
      15 |   });
      16 |

        at /Users/anthonyshaw/projects/contosotraders-cloudtesting/src/ContosoTraders.Ui.Website/tests/internalapi.spec.ts:13:31

    attachment #1: screenshot (image/png) ----------------------------------------------------------
    test-results/internalapi-APIs-should-be-able-to-load-search-by-text-data-firefox/test-failed-1.png
    ------------------------------------------------------------------------------------------------
]]>
            </failure>
            <system-out>
                <![CDATA[
[[ATTACHMENT|../test-results/internalapi-APIs-should-be-able-to-load-search-by-text-data-firefox/test-failed-1.png]]
]]>
            </system-out>
        </testcase>
        <testcase name="APIs should be able to load products list"
                  classname="[firefox] › internalapi.spec.ts › APIs › should be able to load products list"
                  time="5.213">
            <failure message="internalapi.spec.ts:18:7 should be able to load products list" type="FAILURE">
                <![CDATA[  [firefox] › internalapi.spec.ts:18:7 › APIs › should be able to load products list ===============

    Error: expect(received).toBe(expected) // Object.is equality

    Expected: 200
    Received: 404

      18 |   test('should be able to load products list', async ({ request }) => {
      19 |     const response = await request.get(`${process.env.REACT_APP_APIURL}/Products/?type=laptops`);
    > 20 |     expect(response.status()).toBe(200);
         |                               ^
      21 |     expect(response.ok()).toBeTruthy();
      22 |   });
      23 |

        at /Users/anthonyshaw/projects/contosotraders-cloudtesting/src/ContosoTraders.Ui.Website/tests/internalapi.spec.ts:20:31

    attachment #1: screenshot (image/png) ----------------------------------------------------------
    test-results/internalapi-APIs-should-be-able-to-load-products-list-firefox/test-failed-1.png
    ------------------------------------------------------------------------------------------------
]]>
            </failure>
            <system-out>
                <![CDATA[
[[ATTACHMENT|../test-results/internalapi-APIs-should-be-able-to-load-products-list-firefox/test-failed-1.png]]
]]>
            </system-out>
        </testcase>
        <testcase name="APIs should be able to load product details"
                  classname="[firefox] › internalapi.spec.ts › APIs › should be able to load product details"
                  time="4.65">
            <failure message="internalapi.spec.ts:25:7 should be able to load product details" type="FAILURE">
                <![CDATA[  [firefox] › internalapi.spec.ts:25:7 › APIs › should be able to load product details =============

    Error: expect(received).toBe(expected) // Object.is equality

    Expected: 200
    Received: 404

      25 |   test('should be able to load product details', async ({ request }) => {
      26 |     const response = await request.get(`${process.env.REACT_APP_APIURL}/Products/` + _productid);
    > 27 |     expect(response.status()).toBe(200);
         |                               ^
      28 |     expect(response.ok()).toBeTruthy();
      29 |   });
      30 |

        at /Users/anthonyshaw/projects/contosotraders-cloudtesting/src/ContosoTraders.Ui.Website/tests/internalapi.spec.ts:27:31

    attachment #1: screenshot (image/png) ----------------------------------------------------------
    test-results/internalapi-APIs-should-be-able-to-load-product-details-firefox/test-failed-1.png
    ------------------------------------------------------------------------------------------------
]]>
            </failure>
            <system-out>
                <![CDATA[
[[ATTACHMENT|../test-results/internalapi-APIs-should-be-able-to-load-product-details-firefox/test-failed-1.png]]
]]>
            </system-out>
        </testcase>
        <testcase name="APIs should be able to filter products by brands"
                  classname="[firefox] › internalapi.spec.ts › APIs › should be able to filter products by brands"
                  time="3.609">
            <failure message="internalapi.spec.ts:32:7 should be able to filter products by brands" type="FAILURE">
                <![CDATA[  [firefox] › internalapi.spec.ts:32:7 › APIs › should be able to filter products by brands ========

    Error: expect(received).toBe(expected) // Object.is equality

    Expected: 200
    Received: 404

      32 |   test('should be able to filter products by brands', async ({ request }) => {
      33 |     const response = await request.get(`${process.env.REACT_APP_APIURL}/Products/?type=laptops&brand=1`);
    > 34 |     expect(response.status()).toBe(200);
         |                               ^
      35 |     expect(response.ok()).toBeTruthy();
      36 |   });
      37 |

        at /Users/anthonyshaw/projects/contosotraders-cloudtesting/src/ContosoTraders.Ui.Website/tests/internalapi.spec.ts:34:31

    attachment #1: screenshot (image/png) ----------------------------------------------------------
    test-results/internalapi-APIs-should-be-able-to-filter-products-by-brands-firefox/test-failed-1.png
    ------------------------------------------------------------------------------------------------
]]>
            </failure>
            <system-out>
                <![CDATA[
[[ATTACHMENT|../test-results/internalapi-APIs-should-be-able-to-filter-products-by-brands-firefox/test-failed-1.png]]
]]>
            </system-out>
        </testcase>
    </testsuite>
    <testsuite name="map.spec.ts" timestamp="1686205132741" hostname="" tests="3" failures="0" skipped="3" time="0.002"
               errors="0">
        <testcase name="Map should display bing maps iframe"
                  classname="[firefox] › map.spec.ts › Map › should display bing maps iframe" time="0.002">
            <skipped>
            </skipped>
        </testcase>
        <testcase name="Map should zoom in on bing maps iframe"
                  classname="[firefox] › map.spec.ts › Map › should zoom in on bing maps iframe" time="0">
            <skipped>
            </skipped>
        </testcase>
        <testcase name="Map should zoom out on bing maps iframe"
                  classname="[firefox] › map.spec.ts › Map › should zoom out on bing maps iframe" time="0">
            <skipped>
            </skipped>
        </testcase>
    </testsuite>
    <testsuite name="mocks.spec.ts" timestamp="1686205132741" hostname="" tests="2" failures="0" skipped="0"
               time="2.461" errors="0">
        <testcase name="Mocks should be able to load mock home page"
                  classname="[firefox] › mocks.spec.ts › Mocks › should be able to load mock home page" time="1.925">
        </testcase>
        <testcase name="Mocks should be able to load product details"
                  classname="[firefox] › mocks.spec.ts › Mocks › should be able to load product details" time="0.536">
        </testcase>
    </testsuite>
    <testsuite name="pages.spec.ts" timestamp="1686205132741" hostname="" tests="12" failures="2" skipped="0"
               time="149.668" errors="0">
        <testcase name="Header should be able to search by text"
                  classname="[firefox] › pages.spec.ts › Header › should be able to search by text" time="2.784">
        </testcase>
        <testcase name="Header should be able to select category"
                  classname="[firefox] › pages.spec.ts › Header › should be able to select category" time="3.871">
        </testcase>
        <testcase name="Header should be able to hover over header menus"
                  classname="[firefox] › pages.spec.ts › Header › should be able to hover over header menus"
                  time="1.986">
        </testcase>
        <testcase name="Header should be able to select header menu"
                  classname="[firefox] › pages.spec.ts › Header › should be able to select header menu" time="2.191">
        </testcase>
        <testcase name="Home page should be able to select buy now in corosel"
                  classname="[firefox] › pages.spec.ts › Home page › should be able to select buy now in corosel"
                  time="2.819">
        </testcase>
        <testcase name="Home page should be able to select more details in corosel"
                  classname="[firefox] › pages.spec.ts › Home page › should be able to select more details in corosel"
                  time="1.938">
        </testcase>
        <testcase name="Home page should be able to click start shopping"
                  classname="[firefox] › pages.spec.ts › Home page › should be able to click start shopping"
                  time="59.999">
            <failure message="pages.spec.ts:46:7 should be able to click start shopping" type="FAILURE">
                <![CDATA[  [firefox] › pages.spec.ts:46:7 › Home page › should be able to click start shopping ==============

    Test timeout of 60000ms exceeded.

    locator.click: Target closed
    =========================== logs ===========================
    waiting for locator('section').getByRole('button', { name: 'Start Shopping' })
    ============================================================

      45 |   // Banner
      46 |   test('should be able to click start shopping', async ({ page }) => {
    > 47 |     await page.locator('section').getByRole('button', { name: 'Start Shopping' }).click();
         |                                                                                   ^
      48 |     await expect(page).toHaveURL('/list/controllers');
      49 |   });
      50 |   test('should be able to explore other products', async ({ page }) => {

        at /Users/anthonyshaw/projects/contosotraders-cloudtesting/src/ContosoTraders.Ui.Website/tests/pages.spec.ts:47:83

    Pending operations:
      - locator.click at tests/pages.spec.ts:47:83


    attachment #1: screenshot (image/png) ----------------------------------------------------------
    test-results/pages-Home-page-should-be-able-to-click-start-shopping-firefox/test-failed-1.png
    ------------------------------------------------------------------------------------------------
]]>
            </failure>
            <system-out>
                <![CDATA[
[[ATTACHMENT|../test-results/pages-Home-page-should-be-able-to-click-start-shopping-firefox/test-failed-1.png]]
]]>
            </system-out>
        </testcase>
        <testcase name="Home page should be able to explore other products"
                  classname="[firefox] › pages.spec.ts › Home page › should be able to explore other products"
                  time="1.971">
        </testcase>
        <testcase name="Home page should be able to start shopping in footer"
                  classname="[firefox] › pages.spec.ts › Home page › should be able to start shopping in footer"
                  time="60.001">
            <failure message="pages.spec.ts:54:7 should be able to start shopping in footer" type="FAILURE">
                <![CDATA[  [firefox] › pages.spec.ts:54:7 › Home page › should be able to start shopping in footer ==========

    Test timeout of 60000ms exceeded.

    locator.click: Target closed
    =========================== logs ===========================
    waiting for getByRole('button', { name: 'Start Shopping' }).nth(1)
    ============================================================

      53 |   });
      54 |   test('should be able to start shopping in footer', async ({ page }) => {
    > 55 |     await page.getByRole('button', { name: 'Start Shopping' }).nth(1).click();
         |                                                                       ^
      56 |     await expect(page).toHaveURL('/list/controllers');
      57 |   });
      58 | });

        at /Users/anthonyshaw/projects/contosotraders-cloudtesting/src/ContosoTraders.Ui.Website/tests/pages.spec.ts:55:71

    Pending operations:
      - locator.click at tests/pages.spec.ts:55:71


    attachment #1: screenshot (image/png) ----------------------------------------------------------
    test-results/pages-Home-page-should-be-able-to-start-shopping-in-footer-firefox/test-failed-1.png
    ------------------------------------------------------------------------------------------------
]]>
            </failure>
            <system-out>
                <![CDATA[
[[ATTACHMENT|../test-results/pages-Home-page-should-be-able-to-start-shopping-in-footer-firefox/test-failed-1.png]]
]]>
            </system-out>
        </testcase>
        <testcase name="Product Listing should be able to select product to view details"
                  classname="[firefox] › pages.spec.ts › Product Listing › should be able to select product to view details"
                  time="5.755">
        </testcase>
        <testcase name="Product Listing should be able to filter product by brands"
                  classname="[firefox] › pages.spec.ts › Product Listing › should be able to filter product by brands"
                  time="4.744">
        </testcase>
        <testcase name="Footer should be able to select footer menu"
                  classname="[firefox] › pages.spec.ts › Footer › should be able to select footer menu" time="1.609">
        </testcase>
    </testsuite>
</testsuites>
